#
# There is insufficient memory for the Java Runtime Environment to continue.
# Native memory allocation (mmap) failed to map 132120576 bytes for G1 virtual space
# Possible reasons:
#   The system is out of physical RAM or swap space
#   The process is running with CompressedOops enabled, and the Java Heap may be blocking the growth of the native heap
# Possible solutions:
#   Reduce memory load on the system
#   Increase physical memory or swap space
#   Check if swap backing store is full
#   Decrease Java heap size (-Xmx/-Xms)
#   Decrease number of Java threads
#   Decrease Java thread stack sizes (-Xss)
#   Set larger code cache with -XX:ReservedCodeCacheSize=
#   JVM is running with Unscaled Compressed Oops mode in which the Java heap is
#     placed in the first 4GB address space. The Java Heap base address is the
#     maximum limit for the native heap growth. Please use -XX:HeapBaseMinAddress
#     to set the Java Heap base and to place the Java Heap above 4GB virtual address.
# This output file may be truncated or incomplete.
#
#  Out of Memory Error (os_windows.cpp:3600), pid=7516, tid=33504
#
# JRE version:  (21.0.2+13) (build )
# Java VM: Java HotSpot(TM) 64-Bit Server VM (21.0.2+13-LTS-58, mixed mode, sharing, tiered, compressed oops, compressed class ptrs, g1 gc, windows-amd64)
# No core dump will be written. Minidumps are not enabled by default on client versions of Windows
#

---------------  S U M M A R Y ------------

Command Line: -XX:+ShowCodeDetailsInExceptionMessages Main

Host: 11th Gen Intel(R) Core(TM) i3-1115G4 @ 3.00GHz, 4 cores, 7G,  Windows 11 , 64 bit Build 22621 (10.0.22621.3374)
Time: Wed May 15 21:45:55 2024 SE Asia Standard Time elapsed time: 0.009970 seconds (0d 0h 0m 0s)

---------------  T H R E A D  ---------------

Current thread (0x000001e9e05a83b0):  JavaThread "Unknown thread" [_thread_in_vm, id=33504, stack(0x0000003bda000000,0x0000003bda100000) (1024K)]

Stack: [0x0000003bda000000,0x0000003bda100000]
Native frames: (J=compiled Java code, j=interpreted, Vv=VM code, C=native code)
V  [jvm.dll+0x6cade9]
V  [jvm.dll+0x8569c1]
V  [jvm.dll+0x858d2e]
V  [jvm.dll+0x859413]
V  [jvm.dll+0x280e56]
V  [jvm.dll+0x6c74d5]
V  [jvm.dll+0x6bbeca]
V  [jvm.dll+0x355bca]
V  [jvm.dll+0x35d816]
V  [jvm.dll+0x3ae67e]
V  [jvm.dll+0x3ae928]
V  [jvm.dll+0x3295dc]
V  [jvm.dll+0x32a16b]
V  [jvm.dll+0x81efa9]
V  [jvm.dll+0x3bba01]
V  [jvm.dll+0x807928]
V  [jvm.dll+0x44f50e]
V  [jvm.dll+0x450e11]
C  [jli.dll+0x52a3]
C  [ucrtbase.dll+0x29333]
C  [KERNEL32.DLL+0x1257d]
C  [ntdll.dll+0x5aa48]


---------------  P R O C E S S  ---------------

Threads class SMR info:
_java_thread_list=0x00007ff9d218bb88, length=0, elements={
}

Java Threads: ( => current thread )
Total: 0

Other Threads:
  0x000001e9e2799a40 WorkerThread "GC Thread#0"                     [id=1084, stack(0x0000003bda100000,0x0000003bda200000) (1024K)]
  0x000001e9e27aac00 ConcurrentGCThread "G1 Main Marker"            [id=19152, stack(0x0000003bda200000,0x0000003bda300000) (1024K)]
  0x000001e9e27ab8c0 WorkerThread "G1 Conc#0"                       [id=1576, stack(0x0000003bda300000,0x0000003bda400000) (1024K)]

[error occurred during error reporting (printing all threads), id 0xc0000005, EXCEPTION_ACCESS_VIOLATION (0xc0000005) at pc=0x00007ff9d18fc6a7]
VM state: not at safepoint (not fully initialized)

VM Mutex/Monitor currently owned by a thread:  ([mutex/lock_event])
[0x00007ff9d21fce68] Heap_lock - owner thread: 0x000001e9e05a83b0

Heap address: 0x0000000083200000, size: 1998 MB, Compressed Oops mode: 32-bit

CDS archive(s) mapped at: [0x0000000000000000-0x0000000000000000-0x0000000000000000), size 0, SharedBaseAddress: 0x0000000800000000, ArchiveRelocationMode: 1.
Narrow klass base: 0x0000000000000000, Narrow klass shift: 0, Narrow klass range: 0x0

GC Precious Log:
 CardTable entry size: 512
 Card Set container configuration: InlinePtr #cards 5 size 8 Array Of Cards #cards 12 size 40 Howl #buckets 4 coarsen threshold 1843 Howl Bitmap #cards 512 size 80 coarsen threshold 460 Card regions per heap region 1 cards per card region 2048

Heap:
 garbage-first heap   total 0K, used 0K [0x0000000083200000, 0x0000000100000000)
  region size 1024K, 0 young (0K), 0 survivors (0K)

[error occurred during error reporting (printing heap information), id 0xc0000005, EXCEPTION_ACCESS_VIOLATION (0xc0000005) at pc=0x00007ff9d1ce39f9]
GC Heap History (0 events):
No events

Dll operation events (1 events):
Event: 0.006 Loaded shared library C:\Program Files\Java\jdk-21\bin\java.dll

Deoptimization events (0 events):
No events

Classes loaded (0 events):
No events

Classes unloaded (0 events):
No events

Classes redefined (0 events):
No events

Internal exceptions (0 events):
No events

ZGC Phase Switch (0 events):
No events

VM Operations (0 events):
No events

Events (0 events):
No events


Dynamic libraries:
0x00007ff75b560000 - 0x00007ff75b570000 	C:\Program Files\Java\jdk-21\bin\java.exe
0x00007ffa940b0000 - 0x00007ffa942c6000 	C:\WINDOWS\SYSTEM32\ntdll.dll
0x00007ffa92d60000 - 0x00007ffa92e24000 	C:\WINDOWS\System32\KERNEL32.DLL
0x00007ffa91650000 - 0x00007ffa919f7000 	C:\WINDOWS\System32\KERNELBASE.dll
0x00007ffa91b50000 - 0x00007ffa91c61000 	C:\WINDOWS\System32\ucrtbase.dll
0x00007ffa86e60000 - 0x00007ffa86e7b000 	C:\Program Files\Java\jdk-21\bin\VCRUNTIME140.dll
0x00007ffa86e80000 - 0x00007ffa86e99000 	C:\Program Files\Java\jdk-21\bin\jli.dll
0x00007ffa92af0000 - 0x00007ffa92ba2000 	C:\WINDOWS\System32\ADVAPI32.dll
0x00007ffa93590000 - 0x00007ffa93637000 	C:\WINDOWS\System32\msvcrt.dll
0x00007ffa93370000 - 0x00007ffa93418000 	C:\WINDOWS\System32\sechost.dll
0x00007ffa91aa0000 - 0x00007ffa91ac8000 	C:\WINDOWS\System32\bcrypt.dll
0x00007ffa92c40000 - 0x00007ffa92d55000 	C:\WINDOWS\System32\RPCRT4.dll
0x00007ffa91ef0000 - 0x00007ffa9209e000 	C:\WINDOWS\System32\USER32.dll
0x00007ffa913d0000 - 0x00007ffa913f6000 	C:\WINDOWS\System32\win32u.dll
0x00007ffa7e5b0000 - 0x00007ffa7e843000 	C:\WINDOWS\WinSxS\amd64_microsoft.windows.common-controls_6595b64144ccf1df_6.0.22621.3235_none_270f74e173860f98\COMCTL32.dll
0x00007ffa92bb0000 - 0x00007ffa92bd9000 	C:\WINDOWS\System32\GDI32.dll
0x00007ffa91400000 - 0x00007ffa91519000 	C:\WINDOWS\System32\gdi32full.dll
0x00007ffa91a00000 - 0x00007ffa91a9a000 	C:\WINDOWS\System32\msvcp_win.dll
0x00007ffa868d0000 - 0x00007ffa868da000 	C:\WINDOWS\SYSTEM32\VERSION.dll
0x00007ffa93de0000 - 0x00007ffa93e11000 	C:\WINDOWS\System32\IMM32.DLL
0x00007ffa896e0000 - 0x00007ffa896ec000 	C:\Program Files\Java\jdk-21\bin\vcruntime140_1.dll
0x00007ffa38630000 - 0x00007ffa386be000 	C:\Program Files\Java\jdk-21\bin\msvcp140.dll
0x00007ff9d15c0000 - 0x00007ff9d22d7000 	C:\Program Files\Java\jdk-21\bin\server\jvm.dll
0x00007ffa92f60000 - 0x00007ffa92fd1000 	C:\WINDOWS\System32\WS2_32.dll
0x00007ffa90ca0000 - 0x00007ffa90ced000 	C:\WINDOWS\SYSTEM32\POWRPROF.dll
0x00007ffa8ec40000 - 0x00007ffa8ec74000 	C:\WINDOWS\SYSTEM32\WINMM.dll
0x00007ffa90c30000 - 0x00007ffa90c43000 	C:\WINDOWS\SYSTEM32\UMPDC.dll
0x00007ffa90410000 - 0x00007ffa90428000 	C:\WINDOWS\SYSTEM32\kernel.appcore.dll
0x00007ffa81cd0000 - 0x00007ffa81cda000 	C:\Program Files\Java\jdk-21\bin\jimage.dll
0x00007ffa8ea00000 - 0x00007ffa8ec33000 	C:\WINDOWS\SYSTEM32\DBGHELP.DLL
0x00007ffa92fe0000 - 0x00007ffa93368000 	C:\WINDOWS\System32\combase.dll
0x00007ffa92150000 - 0x00007ffa92227000 	C:\WINDOWS\System32\OLEAUT32.dll
0x00007ffa6f2e0000 - 0x00007ffa6f312000 	C:\WINDOWS\SYSTEM32\dbgcore.DLL
0x00007ffa91ad0000 - 0x00007ffa91b49000 	C:\WINDOWS\System32\bcryptPrimitives.dll
0x00007ffa7fc70000 - 0x00007ffa7fc8f000 	C:\Program Files\Java\jdk-21\bin\java.dll

dbghelp: loaded successfully - version: 4.0.5 - missing functions: none
symbol engine: initialized successfully - sym options: 0x614 - pdb path: .;C:\Program Files\Java\jdk-21\bin;C:\WINDOWS\SYSTEM32;C:\WINDOWS\WinSxS\amd64_microsoft.windows.common-controls_6595b64144ccf1df_6.0.22621.3235_none_270f74e173860f98;C:\Program Files\Java\jdk-21\bin\server

VM Arguments:
jvm_args: -XX:+ShowCodeDetailsInExceptionMessages 
java_command: Main
java_class_path (initial): C:\Users\melis\AppData\Roaming\Code\User\workspaceStorage\2e4be383ff5ebd13ac7d34bb699a45d7\redhat.java\jdt_ws\MENU_74c750c7\bin
Launcher Type: SUN_STANDARD

[Global flags]
     intx CICompilerCount                          = 3                                         {product} {ergonomic}
     uint ConcGCThreads                            = 1                                         {product} {ergonomic}
     uint G1ConcRefinementThreads                  = 4                                         {product} {ergonomic}
   size_t G1HeapRegionSize                         = 1048576                                   {product} {ergonomic}
    uintx GCDrainStackTargetSize                   = 64                                        {product} {ergonomic}
   size_t InitialHeapSize                          = 132120576                                 {product} {ergonomic}
   size_t MarkStackSize                            = 4194304                                   {product} {ergonomic}
   size_t MaxHeapSize                              = 2095054848                                {product} {ergonomic}
   size_t MinHeapDeltaBytes                        = 1048576                                   {product} {ergonomic}
   size_t MinHeapSize                              = 8388608                                   {product} {ergonomic}
    uintx NonNMethodCodeHeapSize                   = 5832780                                {pd product} {ergonomic}
    uintx NonProfiledCodeHeapSize                  = 122912730                              {pd product} {ergonomic}
    uintx ProfiledCodeHeapSize                     = 122912730                              {pd product} {ergonomic}
    uintx ReservedCodeCacheSize                    = 251658240                              {pd product} {ergonomic}
     bool SegmentedCodeCache                       = true                                      {product} {ergonomic}
     bool ShowCodeDetailsInExceptionMessages       = true                                   {manageable} {command line}
   size_t SoftMaxHeapSize                          = 2095054848                             {manageable} {ergonomic}
     bool UseCompressedOops                        = true                           {product lp64_product} {ergonomic}
     bool UseG1GC                                  = true                                      {product} {ergonomic}
     bool UseLargePagesIndividualAllocation        = false                                  {pd product} {ergonomic}

Logging:
Log output configuration:
 #0: stdout all=warning uptime,level,tags foldmultilines=false
 #1: stderr all=off uptime,level,tags foldmultilines=false

Environment Variables:
PATH=C:\Program Files\Common Files\Oracle\Java\javapath;C:\Windows\System32\HWAudioDriverLibs;C:\Windows\system32;C:\Windows;C:\Windows\System32\Wbem;C:\Windows\System32\WindowsPowerShell\v1.0\;C:\Windows\System32\OpenSSH\;C:\Users\Administrator\AppData\Local\Microsoft\WindowsApps;C:\WINDOWS\system32;C:\WINDOWS;C:\WINDOWS\System32\Wbem;C:\WINDOWS\System32\WindowsPowerShell\v1.0\;C:\WINDOWS\System32\OpenSSH\;C:\Program Files\MySQL\MySQL Server 8.0\bin;C:\Program Files\Git\cmd;C:\Program Files\Java\jdk-21\bin;C:\Program Files\PostgreSQL;C:\Program Files\PostgreSQL\16\bin;C:\Users\melis\AppData\Local\Microsoft\WindowsApps;C:\Users\melis\AppData\Local\Programs\Microsoft VS Code\bin;C:\Users\melis\AppData\Local\spicetify;C:\Users\melis\AppData\Local\GitHubDesktop\bin;C:\ghcup\bin;C:\Users\melis\AppData\Local\Microsoft\WindowsApps;C:\msys64\mingw64\bin;
USERNAME=melis
LANG=en_US.UTF-8
OS=Windows_NT
PROCESSOR_IDENTIFIER=Intel64 Family 6 Model 140 Stepping 1, GenuineIntel
TMP=C:\Users\melis\AppData\Local\Temp
TEMP=C:\Users\melis\AppData\Local\Temp




Periodic native trim disabled

---------------  S Y S T E M  ---------------

OS:
 Windows 11 , 64 bit Build 22621 (10.0.22621.3374)
OS uptime: 29 days 9:03 hours

CPU: total 4 (initial active 4) (2 cores per cpu, 2 threads per core) family 6 model 140 stepping 1 microcode 0x8a, cx8, cmov, fxsr, ht, mmx, 3dnowpref, sse, sse2, sse3, ssse3, sse4.1, sse4.2, popcnt, lzcnt, tsc, tscinvbit, avx, avx2, aes, erms, clmul, bmi1, bmi2, adx, avx512f, avx512dq, avx512cd, avx512bw, avx512vl, sha, fma, vzeroupper, avx512_vpopcntdq, avx512_vpclmulqdq, avx512_vaes, avx512_vnni, clflush, clflushopt, clwb, avx512_vbmi2, avx512_vbmi, rdtscp, rdpid, fsrm, gfni, avx512_bitalg, f16c, pku, cet_ibt, cet_ss, avx512_ifma
Processor Information for all 4 processors :
  Max Mhz: 2995, Current Mhz: 2995, Mhz Limit: 2995

Memory: 4k page, system-wide physical 7991M (877M free)
TotalPageFile size 23351M (AvailPageFile size 80M)
current process WorkingSet (physical memory assigned to process): 11M, peak: 11M
current process commit charge ("private bytes"): 52M, peak: 178M

vm_info: Java HotSpot(TM) 64-Bit Server VM (21.0.2+13-LTS-58) for windows-amd64 JRE (21.0.2+13-LTS-58), built on 2024-01-05T18:32:24Z by "mach5one" with MS VC++ 17.1 (VS2022)

END.
